

============================== 2022-06-07 01:02:17.347271 | 2546a66a-cc07-4b80-9323-4b1b972e7017 ==============================
01:02:17.347285 [info ] [MainThread]: Running with dbt=1.1.0
01:02:17.347842 [debug] [MainThread]: running dbt with arguments {'write_json': True, 'use_colors': True, 'printer_width': 80, 'version_check': True, 'partial_parse': True, 'static_parser': True, 'profiles_dir': '/home/ambientelivre/.dbt', 'send_anonymous_usage_stats': True, 'event_buffer_size': 100000, 'quiet': False, 'no_print': False, 'project_name': 'redshift', 'skip_profile_setup': False, 'which': 'init', 'indirect_selection': 'eager'}
01:02:17.348021 [debug] [MainThread]: Tracking: tracking
01:02:17.353455 [debug] [MainThread]: Sending event: {'category': 'dbt', 'action': 'invocation', 'label': 'start', 'context': [<snowplow_tracker.self_describing_json.SelfDescribingJson object at 0x7fbde1aa52e0>, <snowplow_tracker.self_describing_json.SelfDescribingJson object at 0x7fbde1aa5f70>, <snowplow_tracker.self_describing_json.SelfDescribingJson object at 0x7fbde1aa5160>]}
01:02:17.355802 [debug] [MainThread]: Starter project path: /home/ambientelivre/dbt-env/lib/python3.9/site-packages/dbt/include/starter_project
01:02:49.848020 [debug] [MainThread]: Sending event: {'category': 'dbt', 'action': 'invocation', 'label': 'end', 'context': [<snowplow_tracker.self_describing_json.SelfDescribingJson object at 0x7fbde1b15d90>, <snowplow_tracker.self_describing_json.SelfDescribingJson object at 0x7fbde1b151f0>, <snowplow_tracker.self_describing_json.SelfDescribingJson object at 0x7fbddff98fd0>]}


============================== 2022-06-07 01:02:55.796983 | 67342df6-130b-46c0-a87c-0ddada158fe3 ==============================
01:02:55.796998 [info ] [MainThread]: Running with dbt=1.1.0
01:02:55.797531 [debug] [MainThread]: running dbt with arguments {'write_json': True, 'use_colors': True, 'printer_width': 80, 'version_check': True, 'partial_parse': True, 'static_parser': True, 'profiles_dir': '/home/ambientelivre/.dbt', 'send_anonymous_usage_stats': True, 'event_buffer_size': 100000, 'quiet': False, 'no_print': False, 'project_name': 'redshift', 'skip_profile_setup': False, 'which': 'init', 'indirect_selection': 'eager'}
01:02:55.797684 [debug] [MainThread]: Tracking: tracking
01:02:55.802977 [debug] [MainThread]: Sending event: {'category': 'dbt', 'action': 'invocation', 'label': 'start', 'context': [<snowplow_tracker.self_describing_json.SelfDescribingJson object at 0x7f4973fb42b0>, <snowplow_tracker.self_describing_json.SelfDescribingJson object at 0x7f4973fb4f70>, <snowplow_tracker.self_describing_json.SelfDescribingJson object at 0x7f4973fb4160>]}
01:02:55.805080 [info ] [MainThread]: A project called redshift already exists here.
01:02:55.805631 [debug] [MainThread]: Sending event: {'category': 'dbt', 'action': 'invocation', 'label': 'end', 'context': [<snowplow_tracker.self_describing_json.SelfDescribingJson object at 0x7f4973fb4340>, <snowplow_tracker.self_describing_json.SelfDescribingJson object at 0x7f4973fb4fd0>, <snowplow_tracker.self_describing_json.SelfDescribingJson object at 0x7f4973f3a4f0>]}


============================== 2022-06-07 01:03:13.329474 | bb503ee9-fc86-49b7-91b4-078d0eb3344c ==============================
01:03:13.329489 [info ] [MainThread]: Running with dbt=1.1.0
01:03:13.330666 [debug] [MainThread]: running dbt with arguments {'write_json': True, 'use_colors': True, 'printer_width': 80, 'version_check': True, 'partial_parse': True, 'static_parser': True, 'profiles_dir': '/home/ambientelivre/.dbt', 'send_anonymous_usage_stats': True, 'event_buffer_size': 100000, 'quiet': False, 'no_print': False, 'project_name': 'redshift', 'skip_profile_setup': False, 'which': 'init', 'indirect_selection': 'eager'}
01:03:13.331131 [debug] [MainThread]: Tracking: tracking
01:03:13.335783 [debug] [MainThread]: Sending event: {'category': 'dbt', 'action': 'invocation', 'label': 'start', 'context': [<snowplow_tracker.self_describing_json.SelfDescribingJson object at 0x7faea87ca070>, <snowplow_tracker.self_describing_json.SelfDescribingJson object at 0x7faea87caf70>, <snowplow_tracker.self_describing_json.SelfDescribingJson object at 0x7faea87ca160>]}
01:03:13.337385 [debug] [MainThread]: Starter project path: /home/ambientelivre/dbt-env/lib/python3.9/site-packages/dbt/include/starter_project
01:05:34.053843 [info ] [MainThread]: Profile redshift written to /home/ambientelivre/.dbt/profiles.yml using target's profile_template.yml and your supplied values. Run 'dbt debug' to validate the connection.
01:05:34.054842 [info ] [MainThread]: 
Your new dbt project "redshift" was created!

For more information on how to configure the profiles.yml file,
please consult the dbt documentation here:

  https://docs.getdbt.com/docs/configure-your-profile

One more thing:

Need help? Don't hesitate to reach out to us via GitHub issues or on Slack:

  https://community.getdbt.com/

Happy modeling!

01:05:34.055294 [debug] [MainThread]: Sending event: {'category': 'dbt', 'action': 'invocation', 'label': 'end', 'context': [<snowplow_tracker.self_describing_json.SelfDescribingJson object at 0x7faea87ca070>, <snowplow_tracker.self_describing_json.SelfDescribingJson object at 0x7faea87caf70>, <snowplow_tracker.self_describing_json.SelfDescribingJson object at 0x7faea883a1f0>]}
